Watching for file changes with StatReloader
Unauthorized: /user/profile/
[08/Dec/2024 08:10:21] "GET /user/profile/ HTTP/1.1" 401 58
[08/Dec/2024 08:10:21] "GET /user/leaderboard HTTP/1.1" 301 0
[08/Dec/2024 08:10:21] "GET /tags HTTP/1.1" 301 0
[08/Dec/2024 08:10:22] "GET /questions HTTP/1.1" 200 13357
[08/Dec/2024 08:10:23] "GET /questions HTTP/1.1" 200 13357
[08/Dec/2024 08:10:25] "GET /questions HTTP/1.1" 200 13357
Unauthorized: /user/profile/
[08/Dec/2024 08:10:26] "GET /user/profile/ HTTP/1.1" 401 58
[08/Dec/2024 08:10:26] "GET /questions HTTP/1.1" 200 13357
Unauthorized: /user/profile/
[08/Dec/2024 08:10:26] "GET /user/profile/ HTTP/1.1" 401 58
[08/Dec/2024 08:10:26] "GET /questions HTTP/1.1" 200 13357
[08/Dec/2024 08:11:07] "GET /questions HTTP/1.1" 200 13357
[08/Dec/2024 08:12:42] "GET /questions HTTP/1.1" 200 13357
[08/Dec/2024 08:12:46] "GET /questions HTTP/1.1" 200 13357
[08/Dec/2024 08:12:47] "GET /questions HTTP/1.1" 200 13357
Unauthorized: /user/profile/
[08/Dec/2024 08:12:47] "GET /user/profile/ HTTP/1.1" 401 58
[08/Dec/2024 08:12:47] "GET /questions HTTP/1.1" 200 13357
[08/Dec/2024 08:24:54] "GET /questions HTTP/1.1" 200 13357
[08/Dec/2024 08:25:38] "GET /tags HTTP/1.1" 301 0
[08/Dec/2024 08:25:38] "GET /user/leaderboard HTTP/1.1" 301 0
Unauthorized: /user/profile/
[08/Dec/2024 08:25:38] "GET /user/profile/ HTTP/1.1" 401 58
[08/Dec/2024 08:25:38] "GET /questions HTTP/1.1" 200 13357
[08/Dec/2024 08:25:39] "GET /questions HTTP/1.1" 200 13357
[08/Dec/2024 08:25:41] "GET /questions HTTP/1.1" 200 13357
[08/Dec/2024 08:25:46] "GET /questions HTTP/1.1" 200 13357
Unauthorized: /user/profile/
[08/Dec/2024 08:25:57] "GET /tags HTTP/1.1" 301 0
[08/Dec/2024 08:25:57] "GET /user/profile/ HTTP/1.1" 401 58
[08/Dec/2024 08:25:57] "GET /user/leaderboard HTTP/1.1" 301 0
[08/Dec/2024 08:25:57] "GET /questions HTTP/1.1" 200 13357
[08/Dec/2024 08:25:58] "GET /questions HTTP/1.1" 200 13357
[08/Dec/2024 08:26:01] "GET /questions HTTP/1.1" 200 13357
[08/Dec/2024 08:26:05] "GET /questions HTTP/1.1" 200 13357
[08/Dec/2024 08:26:07] "GET /questions?search=helgeeg HTTP/1.1" 200 2
[08/Dec/2024 08:26:08] "GET /questions?search=helgeeg HTTP/1.1" 200 2
[08/Dec/2024 08:26:11] "GET /questions?search=helgeeg HTTP/1.1" 200 2
[08/Dec/2024 08:26:14] "GET /questions HTTP/1.1" 200 13357
[08/Dec/2024 08:26:15] "GET /questions HTTP/1.1" 200 13357
Unauthorized: /user/profile/
[08/Dec/2024 08:26:15] "GET /tags HTTP/1.1" 301 0
[08/Dec/2024 08:26:15] "GET /user/profile/ HTTP/1.1" 401 58
[08/Dec/2024 08:26:15] "GET /user/leaderboard HTTP/1.1" 301 0
[08/Dec/2024 08:26:15] "GET /questions HTTP/1.1" 200 13357
[08/Dec/2024 08:26:15] "GET /tags/ HTTP/1.1" 200 451
[08/Dec/2024 08:26:16] "GET /user/leaderboard/ HTTP/1.1" 200 25442
[08/Dec/2024 08:26:21] "GET /questions HTTP/1.1" 200 13357
[08/Dec/2024 08:26:22] "GET /questions HTTP/1.1" 200 13357
[08/Dec/2024 08:26:24] "GET /questions HTTP/1.1" 200 13357
[08/Dec/2024 08:26:25] "GET /questions HTTP/1.1" 200 13357
[08/Dec/2024 08:26:28] "GET /questions HTTP/1.1" 200 13357
Unauthorized: /user/profile/
[08/Dec/2024 08:26:29] "GET /tags HTTP/1.1" 301 0
[08/Dec/2024 08:26:29] "GET /user/profile/ HTTP/1.1" 401 58
[08/Dec/2024 08:26:29] "GET /user/leaderboard HTTP/1.1" 301 0
[08/Dec/2024 08:26:29] "GET /questions HTTP/1.1" 200 13357
[08/Dec/2024 08:26:29] "GET /tags/ HTTP/1.1" 200 451
[08/Dec/2024 08:26:30] "GET /user/leaderboard/ HTTP/1.1" 200 25442
[08/Dec/2024 08:26:32] "GET /questions HTTP/1.1" 200 13357
[08/Dec/2024 08:26:38] "GET /questions HTTP/1.1" 200 13357
[08/Dec/2024 08:26:39] "GET /questions HTTP/1.1" 200 13357
[08/Dec/2024 08:26:41] "GET /questions HTTP/1.1" 200 13357
Unauthorized: /user/profile/
[08/Dec/2024 08:26:45] "GET /user/profile/ HTTP/1.1" 401 58
[08/Dec/2024 08:26:45] "GET /questions HTTP/1.1" 200 13357
[08/Dec/2024 08:26:46] "GET /questions HTTP/1.1" 200 13357
[08/Dec/2024 08:26:48] "GET /questions HTTP/1.1" 200 13357
[08/Dec/2024 08:26:52] "GET /questions HTTP/1.1" 200 13357
[08/Dec/2024 08:26:54] "GET /questions HTTP/1.1" 200 13357
[08/Dec/2024 08:26:57] "GET /questions HTTP/1.1" 200 13357
[08/Dec/2024 08:26:57] "GET /questions HTTP/1.1" 200 13357
[08/Dec/2024 08:26:59] "GET /questions HTTP/1.1" 200 13357
Unauthorized: /user/profile/
[08/Dec/2024 08:27:03] "GET /user/profile/ HTTP/1.1" 401 58
[08/Dec/2024 08:27:03] "GET /questions HTTP/1.1" 200 13357
[08/Dec/2024 08:27:04] "GET /questions HTTP/1.1" 200 13357
[08/Dec/2024 08:27:07] "GET /questions HTTP/1.1" 200 13357
[08/Dec/2024 08:27:11] "GET /questions HTTP/1.1" 200 13357
[08/Dec/2024 08:27:13] "GET /questions HTTP/1.1" 200 13357
[08/Dec/2024 08:27:15] "GET /questions HTTP/1.1" 200 13357
[08/Dec/2024 08:27:17] "GET /questions HTTP/1.1" 200 13357
[08/Dec/2024 08:27:21] "GET /questions HTTP/1.1" 200 13357
[08/Dec/2024 08:27:29] "GET /questions HTTP/1.1" 200 13357
[08/Dec/2024 08:27:30] "GET /questions HTTP/1.1" 200 13357
[08/Dec/2024 08:27:32] "GET /questions HTTP/1.1" 200 13357
[08/Dec/2024 08:27:36] "GET /questions HTTP/1.1" 200 13357
[08/Dec/2024 08:27:41] "GET /questions HTTP/1.1" 200 13357
[08/Dec/2024 08:27:42] "GET /questions HTTP/1.1" 200 13357
[08/Dec/2024 08:27:44] "GET /questions HTTP/1.1" 200 13357
[08/Dec/2024 08:27:49] "GET /questions HTTP/1.1" 200 13357
[08/Dec/2024 08:27:57] "GET /questions HTTP/1.1" 200 13357
[08/Dec/2024 08:36:03] "GET /questions HTTP/1.1" 200 13357
Unauthorized: /user/profile/
[08/Dec/2024 08:36:04] "GET /user/profile/ HTTP/1.1" 401 58
[08/Dec/2024 08:36:04] "GET /questions HTTP/1.1" 200 13357
Unauthorized: /user/profile/
[08/Dec/2024 08:36:05] "GET /user/profile/ HTTP/1.1" 401 58
[08/Dec/2024 08:36:05] "GET /questions HTTP/1.1" 200 13357
Unauthorized: /user/profile/
[08/Dec/2024 08:36:05] "GET /user/profile/ HTTP/1.1" 401 58
[08/Dec/2024 08:36:05] "GET /questions HTTP/1.1" 200 13357
Unauthorized: /user/profile/
[08/Dec/2024 08:36:05] "GET /user/profile/ HTTP/1.1" 401 58
[08/Dec/2024 08:36:05] "GET /questions HTTP/1.1" 200 13357
[08/Dec/2024 08:36:07] "GET /questions HTTP/1.1" 200 13357
[08/Dec/2024 08:36:09] "GET /questions HTTP/1.1" 200 13357
